TN:
SF:src/components/index.js
FNF:0
FNH:0
LF:0
LH:0
BRF:0
BRH:0
end_of_record
TN:
SF:src/components/Heart/Heart.jsx
FN:3,Heart
FNF:1
FNH:1
FNDA:3,Heart
DA:4,3
LF:1
LH:1
BRDA:3,0,0,2
BRDA:9,1,0,1
BRDA:9,1,1,2
BRF:3
BRH:3
end_of_record
TN:
SF:src/components/Heart/index.js
FNF:0
FNH:0
LF:0
LH:0
BRF:0
BRH:0
end_of_record
TN:
SF:src/components/Item/Item.jsx
FN:6,Item
FN:10,(anonymous_1)
FN:15,(anonymous_2)
FNF:3
FNH:1
FNDA:28,Item
FNDA:0,(anonymous_1)
FNDA:0,(anonymous_2)
DA:7,28
DA:8,28
DA:10,28
DA:11,0
DA:13,0
DA:15,0
DA:16,0
DA:17,0
DA:19,0
DA:26,0
LF:10
LH:3
BRDA:16,0,0,0
BRDA:16,0,1,0
BRF:2
BRH:0
end_of_record
TN:
SF:src/components/Item/index.js
FNF:0
FNH:0
LF:0
LH:0
BRF:0
BRH:0
end_of_record
TN:
SF:src/components/List/List.jsx
FN:4,List
FN:5,(anonymous_1)
FNF:2
FNH:2
FNDA:7,List
FNDA:12,(anonymous_1)
DA:5,7
DA:6,12
DA:11,7
LF:3
LH:3
BRDA:4,0,0,1
BRF:1
BRH:1
end_of_record
TN:
SF:src/components/List/index.js
FNF:0
FNH:0
LF:0
LH:0
BRF:0
BRH:0
end_of_record
TN:
SF:src/components/Router/Router.jsx
FN:5,(anonymous_0)
FNF:1
FNH:0
FNDA:0,(anonymous_0)
DA:5,0
DA:6,0
LF:2
LH:0
BRF:0
BRH:0
end_of_record
TN:
SF:src/components/Router/index.js
FNF:0
FNH:0
LF:0
LH:0
BRF:0
BRH:0
end_of_record
